<?xml version="1.0" encoding="UTF-8"?>
<testsuite xmlns:xsi="http://www.w3.org/2001/XMLSchema-instance" xsi:noNamespaceSchemaLocation="https://maven.apache.org/surefire/maven-surefire-plugin/xsd/surefire-test-report-3.0.xsd" version="3.0" name="com.example.demo.WebTestForGroupTest" time="0.05" tests="1" errors="0" skipped="0" failures="0">
  <properties>
[...]
</properties>
  <testcase name="isStatusTest" classname="com.example.demo.WebTestForGroupTest" time="0">
    <system-out><![CDATA[2022-10-18 10:10:24.868  INFO 22288 --- [           main] .b.t.c.SpringBootTestContextBootstrapper : Neither @ContextConfiguration nor @ContextHierarchy found for test class [com.example.demo.WebTestForGroupTest], using SpringBootContextLoader
2022-10-18 10:10:24.870  INFO 22288 --- [           main] o.s.t.c.support.AbstractContextLoader    : Could not detect default resource locations for test class [com.example.demo.WebTestForGroupTest]: no resource found for suffixes {-context.xml, Context.groovy}.
2022-10-18 10:10:24.870  INFO 22288 --- [           main] t.c.s.AnnotationConfigContextLoaderUtils : Could not detect default configuration classes for test class [com.example.demo.WebTestForGroupTest]: WebTestForGroupTest does not declare any static, non-private, non-final, nested classes annotated with @Configuration.
2022-10-18 10:10:24.948  INFO 22288 --- [           main] .b.t.c.SpringBootTestContextBootstrapper : Found @SpringBootConfiguration com.example.demo.NoDiApplication for test class com.example.demo.WebTestForGroupTest
2022-10-18 10:10:24.951  INFO 22288 --- [           main] .b.t.c.SpringBootTestContextBootstrapper : Loaded default TestExecutionListener class names from location [META-INF/spring.factories]: [org.springframework.boot.test.mock.mockito.MockitoTestExecutionListener, org.springframework.boot.test.mock.mockito.ResetMocksTestExecutionListener, org.springframework.boot.test.autoconfigure.restdocs.RestDocsTestExecutionListener, org.springframework.boot.test.autoconfigure.web.client.MockRestServiceServerResetTestExecutionListener, org.springframework.boot.test.autoconfigure.web.servlet.MockMvcPrintOnlyOnFailureTestExecutionListener, org.springframework.boot.test.autoconfigure.web.servlet.WebDriverTestExecutionListener, org.springframework.boot.test.autoconfigure.webservices.client.MockWebServiceServerTestExecutionListener, org.springframework.test.context.web.ServletTestExecutionListener, org.springframework.test.context.support.DirtiesContextBeforeModesTestExecutionListener, org.springframework.test.context.event.ApplicationEventsTestExecutionListener, org.springframework.test.context.support.DependencyInjectionTestExecutionListener, org.springframework.test.context.support.DirtiesContextTestExecutionListener, org.springframework.test.context.transaction.TransactionalTestExecutionListener, org.springframework.test.context.jdbc.SqlScriptsTestExecutionListener, org.springframework.test.context.event.EventPublishingTestExecutionListener]
2022-10-18 10:10:24.953  INFO 22288 --- [           main] .b.t.c.SpringBootTestContextBootstrapper : Using TestExecutionListeners: [org.springframework.test.context.web.ServletTestExecutionListener@22b1f453, org.springframework.test.context.support.DirtiesContextBeforeModesTestExecutionListener@1badd75d, org.springframework.test.context.event.ApplicationEventsTestExecutionListener@3d70ecb6, org.springframework.boot.test.mock.mockito.MockitoTestExecutionListener@6cb04c55, org.springframework.boot.test.autoconfigure.SpringBootDependencyInjectionTestExecutionListener@410e2efc, org.springframework.test.context.support.DirtiesContextTestExecutionListener@34ec0ebf, org.springframework.test.context.event.EventPublishingTestExecutionListener@ec351c8, org.springframework.boot.test.mock.mockito.ResetMocksTestExecutionListener@607f76a1, org.springframework.boot.test.autoconfigure.restdocs.RestDocsTestExecutionListener@5036dd9c, org.springframework.boot.test.autoconfigure.web.client.MockRestServiceServerResetTestExecutionListener@47ba8d3, org.springframework.boot.test.autoconfigure.web.servlet.MockMvcPrintOnlyOnFailureTestExecutionListener@10a2f485, org.springframework.boot.test.autoconfigure.web.servlet.WebDriverTestExecutionListener@b73524e, org.springframework.boot.test.autoconfigure.webservices.client.MockWebServiceServerTestExecutionListener@6dcfa481]
2022-10-18 10:10:25.001  INFO 22288 --- [           main] o.s.mock.web.MockServletContext          : Initializing Spring TestDispatcherServlet ''
2022-10-18 10:10:25.001  INFO 22288 --- [           main] o.s.t.web.servlet.TestDispatcherServlet  : Initializing Servlet ''
2022-10-18 10:10:25.002  INFO 22288 --- [           main] o.s.t.web.servlet.TestDispatcherServlet  : Completed initialization in 0 ms
]]></system-out>
  </testcase>
</testsuite>